<?xml version="1.0" encoding="UTF-8"?>
<testng-results ignored="0" total="1" passed="1" failed="0" skipped="0">
  <reporter-output>
  </reporter-output>
  <suite started-at="2023-05-16T23:24:19 IST" name="Default suite" finished-at="2023-05-16T23:24:38 IST" duration-ms="19672">
    <groups>
    </groups>
    <test started-at="2023-05-16T23:24:19 IST" name="Default test" finished-at="2023-05-16T23:24:38 IST" duration-ms="19672">
      <class name="drivermethods.Installation">
        <test-method signature="installApp()[pri:0, instance:drivermethods.Installation@e15b7e8]" started-at="2023-05-16T23:24:19 IST" name="installApp" finished-at="2023-05-16T23:24:38 IST" duration-ms="19637" status="PASS">
          <reporter-output>
          </reporter-output>
        </test-method> <!-- installApp -->
      </class> <!-- drivermethods.Installation -->
    </test> <!-- Default test -->
  </suite> <!-- Default suite -->
</testng-results>
